# JRE version: OpenJDK Runtime Environment (17.0.6) (build 17.0.6+0-b2043.56-9586694)
# Java VM: OpenJDK 64-Bit Server VM (17.0.6+0-b2043.56-9586694, mixed mode, tiered, compressed oops, compressed class ptrs, g1 gc, windows-amd64)
GC Precious Log:
 CPUs: 8 total, 8 available
 Memory: 7932M
 Large Page Support: Disabled
 NUMA Support: Disabled
 Compressed Oops: Enabled (32-bit)
 Heap Region Size: 1M
 Heap Min Capacity: 8M
 Heap Initial Capacity: 124M
 Heap Max Capacity: 2G
 Pre-touch: Disabled
 Parallel Workers: 8
 Concurrent Workers: 2
 Concurrent Refinement Workers: 8
 Periodic GC: Disabled
Heap:
 garbage-first heap   total 434176K, used 224050K [0x0000000080000000, 0x0000000100000000)
  region size 1024K, 17 young (17408K), 17 survivors (17408K)
 Metaspace       used 117744K, committed 118592K, reserved 1155072K
  class space    used 15975K, committed 16384K, reserved 1048576K
GC Heap History (20 events):
Event: 14.365 GC heap after
{Heap after GC invocations=33 (full 0):
 garbage-first heap   total 219136K, used 125752K [0x0000000080000000, 0x0000000100000000)
  region size 1024K, 2 young (2048K), 2 survivors (2048K)
 Metaspace       used 91906K, committed 92672K, reserved 1130496K
  class space    used 12478K, committed 12864K, reserved 1048576K
}
Event: 14.651 GC heap before
{Heap before GC invocations=33 (full 0):
 garbage-first heap   total 219136K, used 161592K [0x0000000080000000, 0x0000000100000000)
  region size 1024K, 38 young (38912K), 2 survivors (2048K)
 Metaspace       used 94897K, committed 95616K, reserved 1138688K
  class space    used 12743K, committed 13056K, reserved 1048576K
}
Event: 14.656 GC heap after
{Heap after GC invocations=34 (full 0):
 garbage-first heap   total 434176K, used 131190K [0x0000000080000000, 0x0000000100000000)
  region size 1024K, 5 young (5120K), 5 survivors (5120K)
 Metaspace       used 94897K, committed 95616K, reserved 1138688K
  class space    used 12743K, committed 13056K, reserved 1048576K
}
Event: 15.521 GC heap before
{Heap before GC invocations=35 (full 0):
 garbage-first heap   total 434176K, used 278646K [0x0000000080000000, 0x0000000100000000)
  region size 1024K, 127 young (130048K), 5 survivors (5120K)
 Metaspace       used 96209K, committed 96960K, reserved 1138688K
  class space    used 12819K, committed 13184K, reserved 1048576K
}
Event: 15.526 GC heap after
{Heap after GC invocations=36 (full 0):
 garbage-first heap   total 434176K, used 122242K [0x0000000080000000, 0x0000000100000000)
  region size 1024K, 6 young (6144K), 6 survivors (6144K)
 Metaspace       used 96209K, committed 96960K, reserved 1138688K
  class space    used 12819K, committed 13184K, reserved 1048576K
}
Event: 15.925 GC heap before
{Heap before GC invocations=36 (full 0):
 garbage-first heap   total 434176K, used 136578K [0x0000000080000000, 0x0000000100000000)
  region size 1024K, 21 young (21504K), 6 survivors (6144K)
 Metaspace       used 97128K, committed 97920K, reserved 1138688K
  class space    used 12934K, committed 13312K, reserved 1048576K
}
Event: 15.930 GC heap after
{Heap after GC invocations=37 (full 0):
 garbage-first heap   total 434176K, used 113547K [0x0000000080000000, 0x0000000100000000)
  region size 1024K, 2 young (2048K), 2 survivors (2048K)
 Metaspace       used 97128K, committed 97920K, reserved 1138688K
  class space    used 12934K, committed 13312K, reserved 1048576K
}
Event: 17.424 GC heap before
{Heap before GC invocations=37 (full 0):
 garbage-first heap   total 434176K, used 302987K [0x0000000080000000, 0x0000000100000000)
  region size 1024K, 188 young (192512K), 2 survivors (2048K)
 Metaspace       used 104324K, committed 105152K, reserved 1146880K
  class space    used 13845K, committed 14272K, reserved 1048576K
}
Event: 17.436 GC heap after
{Heap after GC invocations=38 (full 0):
 garbage-first heap   total 434176K, used 126380K [0x0000000080000000, 0x0000000100000000)
  region size 1024K, 14 young (14336K), 14 survivors (14336K)
 Metaspace       used 104324K, committed 105152K, reserved 1146880K
  class space    used 13845K, committed 14272K, reserved 1048576K
}
Event: 17.504 GC heap before
{Heap before GC invocations=38 (full 0):
 garbage-first heap   total 434176K, used 139692K [0x0000000080000000, 0x0000000100000000)
  region size 1024K, 28 young (28672K), 14 survivors (14336K)
 Metaspace       used 104676K, committed 105472K, reserved 1146880K
  class space    used 13896K, committed 14272K, reserved 1048576K
}
Event: 17.512 GC heap after
{Heap after GC invocations=39 (full 0):
 garbage-first heap   total 434176K, used 127869K [0x0000000080000000, 0x0000000100000000)
  region size 1024K, 15 young (15360K), 15 survivors (15360K)
 Metaspace       used 104676K, committed 105472K, reserved 1146880K
  class space    used 13896K, committed 14272K, reserved 1048576K
}
Event: 18.120 GC heap before
{Heap before GC invocations=40 (full 0):
 garbage-first heap   total 434176K, used 325501K [0x0000000080000000, 0x0000000100000000)
  region size 1024K, 202 young (206848K), 15 survivors (15360K)
 Metaspace       used 109105K, committed 109888K, reserved 1146880K
  class space    used 14535K, committed 14912K, reserved 1048576K
}
Event: 18.143 GC heap after
{Heap after GC invocations=41 (full 0):
 garbage-first heap   total 434176K, used 155821K [0x0000000080000000, 0x0000000100000000)
  region size 1024K, 26 young (26624K), 26 survivors (26624K)
 Metaspace       used 109105K, committed 109888K, reserved 1146880K
  class space    used 14535K, committed 14912K, reserved 1048576K
}
Event: 18.150 GC heap before
{Heap before GC invocations=41 (full 0):
 garbage-first heap   total 434176K, used 155821K [0x0000000080000000, 0x0000000100000000)
  region size 1024K, 27 young (27648K), 26 survivors (26624K)
 Metaspace       used 109146K, committed 109952K, reserved 1146880K
  class space    used 14542K, committed 14912K, reserved 1048576K
}
Event: 18.159 GC heap after
{Heap after GC invocations=42 (full 0):
 garbage-first heap   total 434176K, used 152190K [0x0000000080000000, 0x0000000100000000)
  region size 1024K, 3 young (3072K), 3 survivors (3072K)
 Metaspace       used 109146K, committed 109952K, reserved 1146880K
  class space    used 14542K, committed 14912K, reserved 1048576K
}
Event: 18.766 GC heap before
{Heap before GC invocations=42 (full 0):
 garbage-first heap   total 434176K, used 325246K [0x0000000080000000, 0x0000000100000000)
  region size 1024K, 170 young (174080K), 3 survivors (3072K)
 Metaspace       used 112111K, committed 112896K, reserved 1146880K
  class space    used 14958K, committed 15360K, reserved 1048576K
}
Event: 18.788 GC heap after
{Heap after GC invocations=43 (full 0):
 garbage-first heap   total 434176K, used 179708K [0x0000000080000000, 0x0000000100000000)
  region size 1024K, 22 young (22528K), 22 survivors (22528K)
 Metaspace       used 112111K, committed 112896K, reserved 1146880K
  class space    used 14958K, committed 15360K, reserved 1048576K
}
Event: 19.309 GC heap before
{Heap before GC invocations=43 (full 0):
 garbage-first heap   total 434176K, used 327164K [0x0000000080000000, 0x0000000100000000)
  region size 1024K, 166 young (169984K), 22 survivors (22528K)
 Metaspace       used 114697K, committed 115520K, reserved 1155072K
  class space    used 15435K, committed 15808K, reserved 1048576K
}
Event: 19.368 GC heap after
{Heap after GC invocations=44 (full 0):
 garbage-first heap   total 434176K, used 204796K [0x0000000080000000, 0x0000000100000000)
  region size 1024K, 21 young (21504K), 21 survivors (21504K)
 Metaspace       used 114697K, committed 115520K, reserved 1155072K
  class space    used 15435K, committed 15808K, reserved 1048576K
}
Event: 19.801 GC heap before
{Heap before GC invocations=44 (full 0):
 garbage-first heap   total 434176K, used 310268K [0x0000000080000000, 0x0000000100000000)
  region size 1024K, 125 young (128000K), 21 survivors (21504K)
 Metaspace       used 117744K, committed 118592K, reserved 1155072K
  class space    used 15975K, committed 16384K, reserved 1048576K
}

