# JRE version: OpenJDK Runtime Environment (17.0.6) (build 17.0.6+0-b2043.56-9586694)
# Java VM: OpenJDK 64-Bit Server VM (17.0.6+0-b2043.56-9586694, mixed mode, tiered, compressed oops, compressed class ptrs, g1 gc, windows-amd64)
GC Precious Log:
 CPUs: 8 total, 8 available
 Memory: 7932M
 Large Page Support: Disabled
 NUMA Support: Disabled
 Compressed Oops: Enabled (32-bit)
 Heap Region Size: 1M
 Heap Min Capacity: 8M
 Heap Initial Capacity: 124M
 Heap Max Capacity: 2G
 Pre-touch: Disabled
 Parallel Workers: 8
 Concurrent Workers: 2
 Concurrent Refinement Workers: 8
 Periodic GC: Disabled
Heap:
 garbage-first heap   total 301056K, used 209850K [0x0000000080000000, 0x0000000100000000)
  region size 1024K, 6 young (6144K), 6 survivors (6144K)
 Metaspace       used 103150K, committed 103872K, reserved 1146880K
  class space    used 14260K, committed 14592K, reserved 1048576K
GC Heap History (20 events):
Event: 9.602 GC heap after
{Heap after GC invocations=27 (full 0):
 garbage-first heap   total 129024K, used 68517K [0x0000000080000000, 0x0000000100000000)
  region size 1024K, 3 young (3072K), 3 survivors (3072K)
 Metaspace       used 80664K, committed 81216K, reserved 1122304K
  class space    used 11016K, committed 11264K, reserved 1048576K
}
Event: 9.911 GC heap before
{Heap before GC invocations=28 (full 0):
 garbage-first heap   total 129024K, used 104357K [0x0000000080000000, 0x0000000100000000)
  region size 1024K, 38 young (38912K), 3 survivors (3072K)
 Metaspace       used 82059K, committed 82688K, reserved 1122304K
  class space    used 11208K, committed 11520K, reserved 1048576K
}
Event: 9.916 GC heap after
{Heap after GC invocations=29 (full 0):
 garbage-first heap   total 129024K, used 72866K [0x0000000080000000, 0x0000000100000000)
  region size 1024K, 5 young (5120K), 5 survivors (5120K)
 Metaspace       used 82059K, committed 82688K, reserved 1122304K
  class space    used 11208K, committed 11520K, reserved 1048576K
}
Event: 9.922 GC heap before
{Heap before GC invocations=29 (full 0):
 garbage-first heap   total 129024K, used 73890K [0x0000000080000000, 0x0000000100000000)
  region size 1024K, 6 young (6144K), 5 survivors (5120K)
 Metaspace       used 82064K, committed 82688K, reserved 1122304K
  class space    used 11208K, committed 11520K, reserved 1048576K
}
Event: 9.928 GC heap after
{Heap after GC invocations=30 (full 0):
 garbage-first heap   total 129024K, used 73099K [0x0000000080000000, 0x0000000100000000)
  region size 1024K, 1 young (1024K), 1 survivors (1024K)
 Metaspace       used 82064K, committed 82688K, reserved 1122304K
  class space    used 11208K, committed 11520K, reserved 1048576K
}
Event: 10.188 GC heap before
{Heap before GC invocations=30 (full 0):
 garbage-first heap   total 129024K, used 104843K [0x0000000080000000, 0x0000000100000000)
  region size 1024K, 32 young (32768K), 1 survivors (1024K)
 Metaspace       used 83230K, committed 83904K, reserved 1122304K
  class space    used 11451K, committed 11776K, reserved 1048576K
}
Event: 10.193 GC heap after
{Heap after GC invocations=31 (full 0):
 garbage-first heap   total 301056K, used 77754K [0x0000000080000000, 0x0000000100000000)
  region size 1024K, 4 young (4096K), 4 survivors (4096K)
 Metaspace       used 83230K, committed 83904K, reserved 1122304K
  class space    used 11451K, committed 11776K, reserved 1048576K
}
Event: 11.694 GC heap before
{Heap before GC invocations=32 (full 0):
 garbage-first heap   total 283648K, used 223162K [0x0000000080000000, 0x0000000100000000)
  region size 1024K, 147 young (150528K), 4 survivors (4096K)
 Metaspace       used 91760K, committed 92416K, reserved 1130496K
  class space    used 12551K, committed 12800K, reserved 1048576K
}
Event: 11.704 GC heap after
{Heap after GC invocations=33 (full 0):
 garbage-first heap   total 283648K, used 87463K [0x0000000080000000, 0x0000000100000000)
  region size 1024K, 14 young (14336K), 14 survivors (14336K)
 Metaspace       used 91760K, committed 92416K, reserved 1130496K
  class space    used 12551K, committed 12800K, reserved 1048576K
}
Event: 11.714 GC heap before
{Heap before GC invocations=33 (full 0):
 garbage-first heap   total 283648K, used 88487K [0x0000000080000000, 0x0000000100000000)
  region size 1024K, 15 young (15360K), 14 survivors (14336K)
 Metaspace       used 91898K, committed 92608K, reserved 1130496K
  class space    used 12573K, committed 12864K, reserved 1048576K
}
Event: 11.722 GC heap after
{Heap after GC invocations=34 (full 0):
 garbage-first heap   total 283648K, used 88152K [0x0000000080000000, 0x0000000100000000)
  region size 1024K, 2 young (2048K), 2 survivors (2048K)
 Metaspace       used 91898K, committed 92608K, reserved 1130496K
  class space    used 12573K, committed 12864K, reserved 1048576K
}
Event: 12.630 GC heap before
{Heap before GC invocations=34 (full 0):
 garbage-first heap   total 283648K, used 227416K [0x0000000080000000, 0x0000000100000000)
  region size 1024K, 127 young (130048K), 2 survivors (2048K)
 Metaspace       used 95814K, committed 96512K, reserved 1138688K
  class space    used 13088K, committed 13440K, reserved 1048576K
}
Event: 12.639 GC heap after
{Heap after GC invocations=35 (full 0):
 garbage-first heap   total 283648K, used 114099K [0x0000000080000000, 0x0000000100000000)
  region size 1024K, 15 young (15360K), 15 survivors (15360K)
 Metaspace       used 95814K, committed 96512K, reserved 1138688K
  class space    used 13088K, committed 13440K, reserved 1048576K
}
Event: 12.989 GC heap before
{Heap before GC invocations=35 (full 0):
 garbage-first heap   total 283648K, used 251315K [0x0000000080000000, 0x0000000100000000)
  region size 1024K, 121 young (123904K), 15 survivors (15360K)
 Metaspace       used 99441K, committed 100160K, reserved 1138688K
  class space    used 13592K, committed 13952K, reserved 1048576K
}
Event: 13.001 GC heap after
{Heap after GC invocations=36 (full 0):
 garbage-first heap   total 283648K, used 139607K [0x0000000080000000, 0x0000000100000000)
  region size 1024K, 14 young (14336K), 14 survivors (14336K)
 Metaspace       used 99441K, committed 100160K, reserved 1138688K
  class space    used 13592K, committed 13952K, reserved 1048576K
}
Event: 13.532 GC heap before
{Heap before GC invocations=36 (full 0):
 garbage-first heap   total 283648K, used 229719K [0x0000000080000000, 0x0000000100000000)
  region size 1024K, 99 young (101376K), 14 survivors (14336K)
 Metaspace       used 102956K, committed 103680K, reserved 1138688K
  class space    used 14260K, committed 14592K, reserved 1048576K
}
Event: 13.554 GC heap after
{Heap after GC invocations=37 (full 0):
 garbage-first heap   total 283648K, used 161122K [0x0000000080000000, 0x0000000100000000)
  region size 1024K, 13 young (13312K), 13 survivors (13312K)
 Metaspace       used 102956K, committed 103680K, reserved 1138688K
  class space    used 14260K, committed 14592K, reserved 1048576K
}
Event: 13.741 GC heap before
{Heap before GC invocations=37 (full 0):
 garbage-first heap   total 283648K, used 221538K [0x0000000080000000, 0x0000000100000000)
  region size 1024K, 73 young (74752K), 13 survivors (13312K)
 Metaspace       used 103145K, committed 103872K, reserved 1146880K
  class space    used 14260K, committed 14592K, reserved 1048576K
}
Event: 13.789 GC heap after
{Heap after GC invocations=38 (full 0):
 garbage-first heap   total 283648K, used 192097K [0x0000000080000000, 0x0000000100000000)
  region size 1024K, 10 young (10240K), 10 survivors (10240K)
 Metaspace       used 103145K, committed 103872K, reserved 1146880K
  class space    used 14260K, committed 14592K, reserved 1048576K
}
Event: 13.880 GC heap before
{Heap before GC invocations=38 (full 0):
 garbage-first heap   total 283648K, used 224865K [0x0000000080000000, 0x0000000100000000)
  region size 1024K, 42 young (43008K), 10 survivors (10240K)
 Metaspace       used 103150K, committed 103872K, reserved 1146880K
  class space    used 14260K, committed 14592K, reserved 1048576K
}

