# JRE version: OpenJDK Runtime Environment (17.0.6) (build 17.0.6+0-b2043.56-9586694)
# Java VM: OpenJDK 64-Bit Server VM (17.0.6+0-b2043.56-9586694, mixed mode, tiered, compressed oops, compressed class ptrs, g1 gc, windows-amd64)
GC Precious Log:
 CPUs: 8 total, 8 available
 Memory: 7932M
 Large Page Support: Disabled
 NUMA Support: Disabled
 Compressed Oops: Enabled (32-bit)
 Heap Region Size: 1M
 Heap Min Capacity: 8M
 Heap Initial Capacity: 124M
 Heap Max Capacity: 2G
 Pre-touch: Disabled
 Parallel Workers: 8
 Concurrent Workers: 2
 Concurrent Refinement Workers: 8
 Periodic GC: Disabled
Heap:
 garbage-first heap   total 371712K, used 217740K [0x0000000080000000, 0x0000000100000000)
  region size 1024K, 8 young (8192K), 8 survivors (8192K)
 Metaspace       used 118751K, committed 119552K, reserved 1155072K
  class space    used 16152K, committed 16512K, reserved 1048576K
GC Heap History (20 events):
Event: 17.010 GC heap after
{Heap after GC invocations=36 (full 0):
 garbage-first heap   total 265216K, used 140464K [0x0000000080000000, 0x0000000100000000)
  region size 1024K, 10 young (10240K), 10 survivors (10240K)
 Metaspace       used 103181K, committed 103936K, reserved 1146880K
  class space    used 13702K, committed 14016K, reserved 1048576K
}
Event: 17.267 GC heap before
{Heap before GC invocations=36 (full 0):
 garbage-first heap   total 265216K, used 222384K [0x0000000080000000, 0x0000000100000000)
  region size 1024K, 85 young (87040K), 10 survivors (10240K)
 Metaspace       used 104278K, committed 105152K, reserved 1146880K
  class space    used 13855K, committed 14272K, reserved 1048576K
}
Event: 17.278 GC heap after
{Heap after GC invocations=37 (full 0):
 garbage-first heap   total 265216K, used 151136K [0x0000000080000000, 0x0000000100000000)
  region size 1024K, 11 young (11264K), 11 survivors (11264K)
 Metaspace       used 104278K, committed 105152K, reserved 1146880K
  class space    used 13855K, committed 14272K, reserved 1048576K
}
Event: 17.384 GC heap before
{Heap before GC invocations=37 (full 0):
 garbage-first heap   total 265216K, used 216671K [0x0000000080000000, 0x0000000100000000)
  region size 1024K, 76 young (77824K), 11 survivors (11264K)
 Metaspace       used 105085K, committed 105856K, reserved 1146880K
  class space    used 13956K, committed 14336K, reserved 1048576K
}
Event: 17.393 GC heap after
{Heap after GC invocations=38 (full 0):
 garbage-first heap   total 265216K, used 162258K [0x0000000080000000, 0x0000000100000000)
  region size 1024K, 10 young (10240K), 10 survivors (10240K)
 Metaspace       used 105085K, committed 105856K, reserved 1146880K
  class space    used 13956K, committed 14336K, reserved 1048576K
}
Event: 17.631 GC heap before
{Heap before GC invocations=38 (full 0):
 garbage-first heap   total 265216K, used 216530K [0x0000000080000000, 0x0000000100000000)
  region size 1024K, 64 young (65536K), 10 survivors (10240K)
 Metaspace       used 107035K, committed 107904K, reserved 1146880K
  class space    used 14256K, committed 14656K, reserved 1048576K
}
Event: 17.638 GC heap after
{Heap after GC invocations=39 (full 0):
 garbage-first heap   total 265216K, used 170987K [0x0000000080000000, 0x0000000100000000)
  region size 1024K, 8 young (8192K), 8 survivors (8192K)
 Metaspace       used 107035K, committed 107904K, reserved 1146880K
  class space    used 14256K, committed 14656K, reserved 1048576K
}
Event: 17.840 GC heap before
{Heap before GC invocations=39 (full 0):
 garbage-first heap   total 265216K, used 219115K [0x0000000080000000, 0x0000000100000000)
  region size 1024K, 56 young (57344K), 8 survivors (8192K)
 Metaspace       used 109239K, committed 110080K, reserved 1146880K
  class space    used 14567K, committed 14976K, reserved 1048576K
}
Event: 17.851 GC heap after
{Heap after GC invocations=40 (full 0):
 garbage-first heap   total 265216K, used 179131K [0x0000000080000000, 0x0000000100000000)
  region size 1024K, 7 young (7168K), 7 survivors (7168K)
 Metaspace       used 109239K, committed 110080K, reserved 1146880K
  class space    used 14567K, committed 14976K, reserved 1048576K
}
Event: 17.979 GC heap before
{Heap before GC invocations=40 (full 0):
 garbage-first heap   total 265216K, used 221115K [0x0000000080000000, 0x0000000100000000)
  region size 1024K, 48 young (49152K), 7 survivors (7168K)
 Metaspace       used 109620K, committed 110464K, reserved 1146880K
  class space    used 14636K, committed 15040K, reserved 1048576K
}
Event: 17.989 GC heap after
{Heap after GC invocations=41 (full 0):
 garbage-first heap   total 371712K, used 185078K [0x0000000080000000, 0x0000000100000000)
  region size 1024K, 6 young (6144K), 6 survivors (6144K)
 Metaspace       used 109620K, committed 110464K, reserved 1146880K
  class space    used 14636K, committed 15040K, reserved 1048576K
}
Event: 18.569 GC heap before
{Heap before GC invocations=42 (full 0):
 garbage-first heap   total 371712K, used 272118K [0x0000000080000000, 0x0000000100000000)
  region size 1024K, 112 young (114688K), 6 survivors (6144K)
 Metaspace       used 113440K, committed 114240K, reserved 1155072K
  class space    used 15258K, committed 15616K, reserved 1048576K
}
Event: 18.589 GC heap after
{Heap after GC invocations=43 (full 0):
 garbage-first heap   total 371712K, used 178532K [0x0000000080000000, 0x0000000100000000)
  region size 1024K, 14 young (14336K), 14 survivors (14336K)
 Metaspace       used 113440K, committed 114240K, reserved 1155072K
  class space    used 15258K, committed 15616K, reserved 1048576K
}
Event: 18.595 GC heap before
{Heap before GC invocations=43 (full 0):
 garbage-first heap   total 371712K, used 182628K [0x0000000080000000, 0x0000000100000000)
  region size 1024K, 18 young (18432K), 14 survivors (14336K)
 Metaspace       used 113468K, committed 114304K, reserved 1155072K
  class space    used 15261K, committed 15680K, reserved 1048576K
}
Event: 18.653 GC heap after
{Heap after GC invocations=44 (full 0):
 garbage-first heap   total 371712K, used 168945K [0x0000000080000000, 0x0000000100000000)
  region size 1024K, 2 young (2048K), 2 survivors (2048K)
 Metaspace       used 113468K, committed 114304K, reserved 1155072K
  class space    used 15261K, committed 15680K, reserved 1048576K
}
Event: 18.949 GC heap before
{Heap before GC invocations=44 (full 0):
 garbage-first heap   total 371712K, used 284657K [0x0000000080000000, 0x0000000100000000)
  region size 1024K, 115 young (117760K), 2 survivors (2048K)
 Metaspace       used 114687K, committed 115520K, reserved 1155072K
  class space    used 15466K, committed 15872K, reserved 1048576K
}
Event: 18.968 GC heap after
{Heap after GC invocations=45 (full 0):
 garbage-first heap   total 371712K, used 187701K [0x0000000080000000, 0x0000000100000000)
  region size 1024K, 15 young (15360K), 15 survivors (15360K)
 Metaspace       used 114687K, committed 115520K, reserved 1155072K
  class space    used 15466K, committed 15872K, reserved 1048576K
}
Event: 19.493 GC heap before
{Heap before GC invocations=45 (full 0):
 garbage-first heap   total 371712K, used 307509K [0x0000000080000000, 0x0000000100000000)
  region size 1024K, 115 young (117760K), 15 survivors (15360K)
 Metaspace       used 117970K, committed 118848K, reserved 1155072K
  class space    used 16093K, committed 16512K, reserved 1048576K
}
Event: 19.521 GC heap after
{Heap after GC invocations=46 (full 0):
 garbage-first heap   total 371712K, used 209897K [0x0000000080000000, 0x0000000100000000)
  region size 1024K, 15 young (15360K), 15 survivors (15360K)
 Metaspace       used 117970K, committed 118848K, reserved 1155072K
  class space    used 16093K, committed 16512K, reserved 1048576K
}
Event: 19.824 GC heap before
{Heap before GC invocations=46 (full 0):
 garbage-first heap   total 371712K, used 298985K [0x0000000080000000, 0x0000000100000000)
  region size 1024K, 102 young (104448K), 15 survivors (15360K)
 Metaspace       used 118751K, committed 119552K, reserved 1155072K
  class space    used 16152K, committed 16512K, reserved 1048576K
}

