# JRE version: OpenJDK Runtime Environment (17.0.6) (build 17.0.6+0-b2043.56-9586694)
# Java VM: OpenJDK 64-Bit Server VM (17.0.6+0-b2043.56-9586694, mixed mode, tiered, compressed oops, compressed class ptrs, g1 gc, windows-amd64)
GC Precious Log:
 CPUs: 8 total, 8 available
 Memory: 7932M
 Large Page Support: Disabled
 NUMA Support: Disabled
 Compressed Oops: Enabled (32-bit)
 Heap Region Size: 1M
 Heap Min Capacity: 8M
 Heap Initial Capacity: 124M
 Heap Max Capacity: 2G
 Pre-touch: Disabled
 Parallel Workers: 8
 Concurrent Workers: 2
 Concurrent Refinement Workers: 8
 Periodic GC: Disabled
Heap:
 garbage-first heap   total 454656K, used 191636K [0x0000000080000000, 0x0000000100000000)
  region size 1024K, 3 young (3072K), 3 survivors (3072K)
 Metaspace       used 137975K, committed 139008K, reserved 1171456K
  class space    used 18699K, committed 19200K, reserved 1048576K
GC Heap History (20 events):
Event: 868.334 GC heap after
{Heap after GC invocations=62 (full 0):
 garbage-first heap   total 365568K, used 159977K [0x0000000080000000, 0x0000000100000000)
  region size 1024K, 14 young (14336K), 14 survivors (14336K)
 Metaspace       used 131400K, committed 132416K, reserved 1163264K
  class space    used 17968K, committed 18432K, reserved 1048576K
}
Event: 868.345 GC heap before
{Heap before GC invocations=62 (full 0):
 garbage-first heap   total 365568K, used 163049K [0x0000000080000000, 0x0000000100000000)
  region size 1024K, 17 young (17408K), 14 survivors (14336K)
 Metaspace       used 131416K, committed 132480K, reserved 1163264K
  class space    used 17968K, committed 18432K, reserved 1048576K
}
Event: 868.354 GC heap after
{Heap after GC invocations=63 (full 0):
 garbage-first heap   total 365568K, used 155497K [0x0000000080000000, 0x0000000100000000)
  region size 1024K, 2 young (2048K), 2 survivors (2048K)
 Metaspace       used 131416K, committed 132480K, reserved 1163264K
  class space    used 17968K, committed 18432K, reserved 1048576K
}
Event: 868.551 GC heap before
{Heap before GC invocations=63 (full 0):
 garbage-first heap   total 365568K, used 205673K [0x0000000080000000, 0x0000000100000000)
  region size 1024K, 53 young (54272K), 2 survivors (2048K)
 Metaspace       used 132108K, committed 133120K, reserved 1171456K
  class space    used 18014K, committed 18496K, reserved 1048576K
}
Event: 868.555 GC heap after
{Heap after GC invocations=64 (full 0):
 garbage-first heap   total 365568K, used 156633K [0x0000000080000000, 0x0000000100000000)
  region size 1024K, 3 young (3072K), 3 survivors (3072K)
 Metaspace       used 132108K, committed 133120K, reserved 1171456K
  class space    used 18014K, committed 18496K, reserved 1048576K
}
Event: 870.041 GC heap before
{Heap before GC invocations=65 (full 0):
 garbage-first heap   total 365568K, used 294873K [0x0000000080000000, 0x0000000100000000)
  region size 1024K, 117 young (119808K), 3 survivors (3072K)
 Metaspace       used 134937K, committed 136000K, reserved 1171456K
  class space    used 18327K, committed 18816K, reserved 1048576K
}
Event: 870.047 GC heap after
{Heap after GC invocations=66 (full 0):
 garbage-first heap   total 365568K, used 149114K [0x0000000080000000, 0x0000000100000000)
  region size 1024K, 6 young (6144K), 6 survivors (6144K)
 Metaspace       used 134937K, committed 136000K, reserved 1171456K
  class space    used 18327K, committed 18816K, reserved 1048576K
}
Event: 870.116 GC heap before
{Heap before GC invocations=66 (full 0):
 garbage-first heap   total 365568K, used 159354K [0x0000000080000000, 0x0000000100000000)
  region size 1024K, 17 young (17408K), 6 survivors (6144K)
 Metaspace       used 135513K, committed 136512K, reserved 1171456K
  class space    used 18407K, committed 18880K, reserved 1048576K
}
Event: 870.125 GC heap after
{Heap after GC invocations=67 (full 0):
 garbage-first heap   total 365568K, used 133082K [0x0000000080000000, 0x0000000100000000)
  region size 1024K, 2 young (2048K), 2 survivors (2048K)
 Metaspace       used 135513K, committed 136512K, reserved 1171456K
  class space    used 18407K, committed 18880K, reserved 1048576K
}
Event: 870.794 GC heap before
{Heap before GC invocations=67 (full 0):
 garbage-first heap   total 365568K, used 269274K [0x0000000080000000, 0x0000000100000000)
  region size 1024K, 137 young (140288K), 2 survivors (2048K)
 Metaspace       used 136382K, committed 137408K, reserved 1171456K
  class space    used 18521K, committed 19008K, reserved 1048576K
}
Event: 870.802 GC heap after
{Heap after GC invocations=68 (full 0):
 garbage-first heap   total 365568K, used 141315K [0x0000000080000000, 0x0000000100000000)
  region size 1024K, 10 young (10240K), 10 survivors (10240K)
 Metaspace       used 136382K, committed 137408K, reserved 1171456K
  class space    used 18521K, committed 19008K, reserved 1048576K
}
Event: 871.288 GC heap before
{Heap before GC invocations=69 (full 0):
 garbage-first heap   total 365568K, used 304131K [0x0000000080000000, 0x0000000100000000)
  region size 1024K, 147 young (150528K), 10 survivors (10240K)
 Metaspace       used 137191K, committed 138240K, reserved 1171456K
  class space    used 18627K, committed 19136K, reserved 1048576K
}
Event: 871.301 GC heap after
{Heap after GC invocations=70 (full 0):
 garbage-first heap   total 365568K, used 158682K [0x0000000080000000, 0x0000000100000000)
  region size 1024K, 19 young (19456K), 19 survivors (19456K)
 Metaspace       used 137191K, committed 138240K, reserved 1171456K
  class space    used 18627K, committed 19136K, reserved 1048576K
}
Event: 871.304 GC heap before
{Heap before GC invocations=70 (full 0):
 garbage-first heap   total 365568K, used 159706K [0x0000000080000000, 0x0000000100000000)
  region size 1024K, 20 young (20480K), 19 survivors (19456K)
 Metaspace       used 137191K, committed 138240K, reserved 1171456K
  class space    used 18627K, committed 19136K, reserved 1048576K
}
Event: 871.314 GC heap after
{Heap after GC invocations=71 (full 0):
 garbage-first heap   total 365568K, used 151118K [0x0000000080000000, 0x0000000100000000)
  region size 1024K, 3 young (3072K), 3 survivors (3072K)
 Metaspace       used 137191K, committed 138240K, reserved 1171456K
  class space    used 18627K, committed 19136K, reserved 1048576K
}
Event: 871.597 GC heap before
{Heap before GC invocations=71 (full 0):
 garbage-first heap   total 365568K, used 283214K [0x0000000080000000, 0x0000000100000000)
  region size 1024K, 133 young (136192K), 3 survivors (3072K)
 Metaspace       used 137532K, committed 138624K, reserved 1171456K
  class space    used 18691K, committed 19200K, reserved 1048576K
}
Event: 871.615 GC heap after
{Heap after GC invocations=72 (full 0):
 garbage-first heap   total 365568K, used 172351K [0x0000000080000000, 0x0000000100000000)
  region size 1024K, 17 young (17408K), 17 survivors (17408K)
 Metaspace       used 137532K, committed 138624K, reserved 1171456K
  class space    used 18691K, committed 19200K, reserved 1048576K
}
Event: 871.944 GC heap before
{Heap before GC invocations=73 (full 0):
 garbage-first heap   total 378880K, used 283967K [0x0000000080000000, 0x0000000100000000)
  region size 1024K, 126 young (129024K), 17 survivors (17408K)
 Metaspace       used 137975K, committed 139008K, reserved 1171456K
  class space    used 18699K, committed 19200K, reserved 1048576K
}
Event: 871.966 GC heap after
{Heap after GC invocations=74 (full 0):
 garbage-first heap   total 378880K, used 190651K [0x0000000080000000, 0x0000000100000000)
  region size 1024K, 16 young (16384K), 16 survivors (16384K)
 Metaspace       used 137975K, committed 139008K, reserved 1171456K
  class space    used 18699K, committed 19200K, reserved 1048576K
}
Event: 871.972 GC heap before
{Heap before GC invocations=74 (full 0):
 garbage-first heap   total 378880K, used 192699K [0x0000000080000000, 0x0000000100000000)
  region size 1024K, 18 young (18432K), 16 survivors (16384K)
 Metaspace       used 137975K, committed 139008K, reserved 1171456K
  class space    used 18699K, committed 19200K, reserved 1048576K
}

